  Application.cpp
  Color.cpp
  glmath.cpp
C:\Users\Maria\OneDrive\Documentos\GitHub\Motores-de-Videojuegos\glmath.cpp(12,13): warning C4244: 'return': conversión de 'double' a 'float'; posible pérdida de datos
C:\Users\Maria\OneDrive\Documentos\GitHub\Motores-de-Videojuegos\glmath.cpp(27,17): warning C4244: 'argumento': conversión de 'double' a 'float'; posible pérdida de datos
C:\Users\Maria\OneDrive\Documentos\GitHub\Motores-de-Videojuegos\glmath.cpp(43,34): warning C4244: 'argumento': conversión de 'double' a 'float'; posible pérdida de datos
C:\Users\Maria\OneDrive\Documentos\GitHub\Motores-de-Videojuegos\glmath.cpp(53,10): warning C4244: 'inicializando': conversión de 'double' a 'float'; posible pérdida de datos
C:\Users\Maria\OneDrive\Documentos\GitHub\Motores-de-Videojuegos\glmath.cpp(53,26): warning C4244: 'inicializando': conversión de 'double' a 'float'; posible pérdida de datos
C:\Users\Maria\OneDrive\Documentos\GitHub\Motores-de-Videojuegos\glmath.cpp(72,13): warning C4244: 'return': conversión de 'double' a 'float'; posible pérdida de datos
C:\Users\Maria\OneDrive\Documentos\GitHub\Motores-de-Videojuegos\glmath.cpp(87,17): warning C4244: 'argumento': conversión de 'double' a 'float'; posible pérdida de datos
C:\Users\Maria\OneDrive\Documentos\GitHub\Motores-de-Videojuegos\glmath.cpp(103,34): warning C4244: 'argumento': conversión de 'double' a 'float'; posible pérdida de datos
C:\Users\Maria\OneDrive\Documentos\GitHub\Motores-de-Videojuegos\glmath.cpp(600,13): warning C4244: 'inicializando': conversión de 'double' a 'float'; posible pérdida de datos
C:\Users\Maria\OneDrive\Documentos\GitHub\Motores-de-Videojuegos\glmath.cpp(618,10): warning C4244: 'inicializando': conversión de 'double' a 'float'; posible pérdida de datos
C:\Users\Maria\OneDrive\Documentos\GitHub\Motores-de-Videojuegos\glmath.cpp(618,33): warning C4244: 'inicializando': conversión de 'double' a 'float'; posible pérdida de datos
C:\Users\Maria\OneDrive\Documentos\GitHub\Motores-de-Videojuegos\glmath.cpp(758,13): warning C4244: 'inicializando': conversión de 'double' a 'float'; posible pérdida de datos
C:\Users\Maria\OneDrive\Documentos\GitHub\Motores-de-Videojuegos\glmath.cpp(778,10): warning C4244: 'inicializando': conversión de 'double' a 'float'; posible pérdida de datos
C:\Users\Maria\OneDrive\Documentos\GitHub\Motores-de-Videojuegos\glmath.cpp(778,33): warning C4244: 'inicializando': conversión de 'double' a 'float'; posible pérdida de datos
  Light.cpp
  log.cpp
  Main.cpp
  ModuleAudio.cpp
  ModuleCamera3D.cpp
  ModuleInput.cpp
  ModuleRenderer3D.cpp
  ModuleSceneIntro.cpp
  ModuleWindow.cpp
  Primitive.cpp
  Timer.cpp
  Generando código...
  3D Physics.vcxproj -> C:\Users\Maria\OneDrive\Documentos\GitHub\Motores-de-Videojuegos\Debug\3D Physics.exe
